<?xml version="1.0" encoding="UTF-8"?>
<testsuite xmlns:xsi="http://www.w3.org/2001/XMLSchema-instance" xsi:noNamespaceSchemaLocation="https://maven.apache.org/surefire/maven-surefire-plugin/xsd/surefire-test-report-3.0.xsd" version="3.0" name="fr.istic.vv.DateTest" time="0.054" tests="10" errors="0" skipped="0" failures="0">
  <properties>
[...]
</properties>
  <testcase name="testConstructorInvalidDayInFebruaryLeapYear" classname="fr.istic.vv.DateTest" time="0.023"/>
  <testcase name="testConstructorInvalidDayInFebruaryNonLeapYear" classname="fr.istic.vv.DateTest" time="0.001"/>
  <testcase name="testConstructorInvalidNegativeMonth" classname="fr.istic.vv.DateTest" time="0.002"/>
  <testcase name="testConstructorValidDate" classname="fr.istic.vv.DateTest" time="0.001"/>
  <testcase name="testConstructorInvalidDayIn30DayMonth" classname="fr.istic.vv.DateTest" time="0.001"/>
  <testcase name="testConstructorValidFebruaryLeapYear" classname="fr.istic.vv.DateTest" time="0.001"/>
  <testcase name="testConstructorInvalidNegativeYear" classname="fr.istic.vv.DateTest" time="0.001"/>
  <testcase name="testConstructorInvalidNegativeDay" classname="fr.istic.vv.DateTest" time="0.001"/>
  <testcase name="testConstructorInvalidMonthTooHigh" classname="fr.istic.vv.DateTest" time="0"/>
  <testcase name="testConstructorInvalidDayTooHigh" classname="fr.istic.vv.DateTest" time="0.001"/>
</testsuite>